<?xml version="1.0" encoding="UTF-8"?>
<!-- Generated by org.testng.reporters.JUnitReportReporter -->
<testsuite hostname="LAPTOP-N3N33JA0" failures="0" tests="1" name="droupdowndemo.ama" time="18.782" errors="0" timestamp="2023-12-10T08:00:26 PST" skipped="0">
  <testcase classname="droupdowndemo.ama" name="ahn" time="18.782"/>
  <system-out/>
</testsuite> <!-- droupdowndemo.ama -->
