<?xml version="1.0" encoding="UTF-8"?>
<!-- Generated by org.testng.reporters.JUnitReportReporter -->
<testsuite hostname="LAPTOP-N3N33JA0" failures="0" tests="1" name="droupdowndemo.mous_overdemo" time="24.918" errors="0" timestamp="2024-01-04T19:55:04 PST" skipped="0">
  <testcase classname="droupdowndemo.mous_overdemo" name="tom" time="24.918"/>
  <system-out/>
</testsuite> <!-- droupdowndemo.mous_overdemo -->
