<?xml version="1.0" encoding="UTF-8"?>
<!-- Generated by org.testng.reporters.JUnitReportReporter -->
<testsuite hostname="LAPTOP-N3N33JA0" failures="0" tests="1" name="droupdowndemo.Window_handle" time="24.552" errors="0" timestamp="2023-12-26T17:12:32 PST" skipped="0">
  <testcase classname="droupdowndemo.Window_handle" name="window" time="24.552"/>
  <system-out/>
</testsuite> <!-- droupdowndemo.Window_handle -->
