<?xml version="1.0" encoding="UTF-8"?>
<!-- Generated by org.testng.reporters.JUnitReportReporter -->
<testsuite hostname="LAPTOP-N3N33JA0" failures="0" tests="1" name="droupdowndemo.facebookdrop" time="33.838" errors="0" timestamp="2023-12-18T23:36:24 PST" skipped="0">
  <testcase classname="droupdowndemo.facebookdrop" name="rina" time="33.838"/>
  <system-out/>
</testsuite> <!-- droupdowndemo.facebookdrop -->
