<?xml version="1.0" encoding="UTF-8"?>
<!-- Generated by org.testng.reporters.JUnitReportReporter -->
<testsuite hostname="LAPTOP-N3N33JA0" failures="0" tests="1" name="droupdowndemo.Enter_opt" time="12.844" errors="0" timestamp="2023-12-29T21:32:24 PST" skipped="0">
  <testcase classname="droupdowndemo.Enter_opt" name="ent" time="12.844"/>
  <system-out/>
</testsuite> <!-- droupdowndemo.Enter_opt -->
