<?xml version="1.0" encoding="UTF-8"?>
<!-- Generated by org.testng.reporters.JUnitReportReporter -->
<testsuite hostname="LAPTOP-N3N33JA0" failures="0" tests="1" name="droupdowndemo.fram_demo" time="20.077" errors="0" timestamp="2024-01-04T20:25:34 PST" skipped="0">
  <testcase classname="droupdowndemo.fram_demo" name="rida" time="20.077"/>
  <system-out/>
</testsuite> <!-- droupdowndemo.fram_demo -->
