<?xml version="1.0" encoding="UTF-8"?>
<!-- Generated by org.testng.reporters.JUnitReportReporter -->
<testsuite hostname="LAPTOP-N3N33JA0" failures="0" tests="1" name="droupdowndemo.mouse_costco" time="43.391" errors="0" timestamp="2023-12-05T12:06:49 PST" skipped="0">
  <testcase classname="droupdowndemo.mouse_costco" name="rayba" time="43.391"/>
  <system-out/>
</testsuite> <!-- droupdowndemo.mouse_costco -->
