<?xml version="1.0" encoding="UTF-8"?>
<!-- Generated by org.testng.reporters.JUnitReportReporter -->
<testsuite hostname="LAPTOP-N3N33JA0" failures="0" tests="1" name="droupdowndemo.link" time="15.009" errors="0" timestamp="2023-12-26T18:07:17 PST" skipped="0">
  <testcase classname="droupdowndemo.link" name="aiilink" time="15.009"/>
  <system-out/>
</testsuite> <!-- droupdowndemo.link -->
