<?xml version="1.0" encoding="UTF-8"?>
<!-- Generated by org.testng.reporters.JUnitReportReporter -->
<testsuite hostname="LAPTOP-N3N33JA0" failures="0" tests="1" name="droupdowndemo.popup" time="14.900" errors="0" timestamp="2024-01-04T20:07:29 PST" skipped="0">
  <testcase classname="droupdowndemo.popup" name="pop" time="14.900"/>
  <system-out/>
</testsuite> <!-- droupdowndemo.popup -->
